During startup - Warning message:
Setting LC_CTYPE failed, using "C" 
During startup - Warning message:
Setting LC_CTYPE failed, using "C" 
During startup - During startup - Warning message:
Warning message:
Setting LC_CTYPE failed, using "C" 
Setting LC_CTYPE failed, using "C" 
During startup - Warning message:
During startup - Setting LC_CTYPE failed, using "C" 
Warning message:
Setting LC_CTYPE failed, using "C" 
v skip target naive_bayes_mod
v skip target knn_mod
v skip target rf_mod
v skip target nn_mod
v skip target xgboost_mod
v skip target diab_data_raw
v skip target diab_data_clean
v skip target diab_val_split
v skip target diab_analysis_data
v skip target diab_val_data
v skip target diab_tt_split
v skip target diab_train
v skip target diab_test
v skip target naive_bayes_recipe
v skip target knn_recipe
v skip target diab_train_folds
v skip target rf_recipe
v skip target nn_recipe
v skip target xgboost_recipe
v skip target naive_bayes_workflow
v skip target knn_workflow
v skip target rf_workflow
v skip target nn_workflow
v skip target xgboost_workflow
v skip target naive_bayes_fit
v skip target knn_tuning_res
v skip target nn_tuning_res
v skip target xgboost_tuning_res
* start target naive_bayes_train_preds
* built target naive_bayes_train_preds
* start target naive_bayes_test_preds
* built target naive_bayes_test_preds
* start target knn_best_params
* built target knn_best_params
* start target nn_best_params
* built target nn_best_params
* start target xgboost_best_params
* built target xgboost_best_params
* start target knn_fit
* built target knn_fit
* start target nn_fit
* built target nn_fit
* start target xgboost_fit
[22:23:01] WARNING: amalgamation/../src/learner.cc:1115: Starting in XGBoost 1.3.0, the default evaluation metric used with the objective 'multi:softprob' was changed from 'merror' to 'mlogloss'. Explicitly set eval_metric if you'd like to restore the old behavior.
* built target xgboost_fit
* start target knn_test_preds
* built target knn_test_preds
* start target knn_train_preds
* built target knn_train_preds
* start target nn_test_preds
* built target nn_test_preds
* start target nn_train_preds
* built target nn_train_preds
* start target xgboost_train_preds
* built target xgboost_train_preds
* start target xgboost_test_preds
* built target xgboost_test_preds
* start target xgboost_var_imp
* built target xgboost_var_imp
* end pipeline: 1.929 hours
